<?xml version="1.0" encoding="UTF-8"?>
<testsuite name="SimpleBankSystemTest" tests="1" skipped="0" failures="0" errors="0" timestamp="2021-11-14T16:56:14" hostname="DESKTOP-N8LAMFG" time="0.452">
  <properties/>
  <testcase name="start" classname="SimpleBankSystemTest" time="0.452"/>
  <system-out><![CDATA[?[1;31m
Start test 1?[0m
1. Create account
2. Log into account
0. Exit
> 0
?[1;31m
Start test 2?[0m
1. Create account
2. Log into account
0. Exit
> 0
?[1;31m
Start test 3?[0m
1. Create account
2. Log into account
0. Exit
> 0
?[1;31m
Start test 4?[0m
1. Create account
2. Log into account
0. Exit
> 0
?[1;31m
Start test 5?[0m
1. Create account
2. Log into account
0. Exit
> 1

Your card has been created
Your card number: 
4000005386476858
Your card PIN: 
6646

1. Create account
2. Log into account
0. Exit
> 1

Your card has been created
Your card number: 
4000000108005895
Your card PIN: 
8827

1. Create account
2. Log into account
0. Exit
> 1

Your card has been created
Your card number: 
4000006778702828
Your card PIN: 
9337

1. Create account
2. Log into account
0. Exit
> 1

Your card has been created
Your card number: 
4000001332673839
Your card PIN: 
6754

1. Create account
2. Log into account
0. Exit
> 1

Your card has been created
Your card number: 
4000002368524896
Your card PIN: 
7447

1. Create account
2. Log into account
0. Exit
> 0
4000005386476858
4000000108005895
4000006778702828
4000001332673839
4000002368524896
?[1;31m
Start test 6?[0m
1. Create account
2. Log into account
0. Exit
> 1

Your card has been created
Your card number: 
4000000373825811
Your card PIN: 
7495

1. Create account
2. Log into account
0. Exit
> 2
Enter your card number:
> 4000000373825811
Enter your PIN:
> 7495

You have successfully logged in!

1. Balance
2. Add income
3. Do transfer
4. Close account
5. Log out
0. Exit

> 0
?[1;31m
Start test 7?[0m
1. Create account
2. Log into account
0. Exit
> 1

Your card has been created
Your card number: 
4000000437480710
Your card PIN: 
2396

1. Create account
2. Log into account
0. Exit
> 2
Enter your card number:
> 4000000437480710
Enter your PIN:
> 3606


Wrong card number or PIN!

1. Create account
2. Log into account
0. Exit
> 0
?[1;31m
Start test 8?[0m
1. Create account
2. Log into account
0. Exit
> 1

Your card has been created
Your card number: 
4000008593624187
Your card PIN: 
9423

1. Create account
2. Log into account
0. Exit
> 2
Enter your card number:
> 400000218257731
Enter your PIN:
> 9423


Wrong card number or PIN!

1. Create account
2. Log into account
0. Exit
> 0
?[1;31m
Start test 9?[0m
1. Create account
2. Log into account
0. Exit
> 1

Your card has been created
Your card number: 
4000004141939326
Your card PIN: 
3717

1. Create account
2. Log into account
0. Exit
> 2
Enter your card number:
> 4000004141939326
Enter your PIN:
> 3717

You have successfully logged in!

1. Balance
2. Add income
3. Do transfer
4. Close account
5. Log out
0. Exit

> 1
Balance : 0

1. Balance
2. Add income
3. Do transfer
4. Close account
5. Log out
0. Exit

> 0
?[1;31m
Start test 10?[0m
1. Create account
2. Log into account
0. Exit
> 1

Your card has been created
Your card number: 
4000005503048564
Your card PIN: 
1865

1. Create account
2. Log into account
0. Exit
> 2
Enter your card number:
> 4000005503048564
Enter your PIN:
> 1865

You have successfully logged in!

1. Balance
2. Add income
3. Do transfer
4. Close account
5. Log out
0. Exit

> 2
Enter income: 
> 10000
Income was added!

1. Balance
2. Add income
3. Do transfer
4. Close account
5. Log out
0. Exit

> 0
1. Create account
2. Log into account
0. Exit
> 2
Enter your card number:
> 4000005503048564
Enter your PIN:
> 1865

You have successfully logged in!

1. Balance
2. Add income
3. Do transfer
4. Close account
5. Log out
0. Exit

> 2
Enter income: 
> 15000
Income was added!

1. Balance
2. Add income
3. Do transfer
4. Close account
5. Log out
0. Exit

> 0
?[1;31m
Start test 11?[0m
1. Create account
2. Log into account
0. Exit
> 1

Your card has been created
Your card number: 
4000003693775476
Your card PIN: 
9852

1. Create account
2. Log into account
0. Exit
> 1

Your card has been created
Your card number: 
4000004276649393
Your card PIN: 
2003

1. Create account
2. Log into account
0. Exit
> 2
Enter your card number:
> 4000004276649393
Enter your PIN:
> 2003

You have successfully logged in!

1. Balance
2. Add income
3. Do transfer
4. Close account
5. Log out
0. Exit

> 3

Transfer
Enter card number:
> 2000007269641764

Probably you made a mistake in the card number. Please try again!
1. Balance
2. Add income
3. Do transfer
4. Close account
5. Log out
0. Exit

> 3

Transfer
Enter card number:
> 2000007269641768
Such a card does not exist.
1. Balance
2. Add income
3. Do transfer
4. Close account
5. Log out
0. Exit

> 3

Transfer
Enter card number:
> 4000003693775476
Enter how much money you want to transfer:
> 100000
Not enough money!

1. Balance
2. Add income
3. Do transfer
4. Close account
5. Log out
0. Exit

> 2
Enter income: 
> 20000
Income was added!

1. Balance
2. Add income
3. Do transfer
4. Close account
5. Log out
0. Exit

> 3

Transfer
Enter card number:
> 4000003693775476
Enter how much money you want to transfer:
> 10000
Sucess

1. Balance
2. Add income
3. Do transfer
4. Close account
5. Log out
0. Exit

> 0
?[1;31m
Start test 12?[0m
1. Create account
2. Log into account
0. Exit
> 1

Your card has been created
Your card number: 
4000005978986660
Your card PIN: 
4676

1. Create account
2. Log into account
0. Exit
> 2
Enter your card number:
> 4000005978986660
Enter your PIN:
> 4676

You have successfully logged in!

1. Balance
2. Add income
3. Do transfer
4. Close account
5. Log out
0. Exit

> 4
The account has been closed!
1. Create account
2. Log into account
0. Exit
> 0
]]></system-out>
  <system-err><![CDATA[]]></system-err>
</testsuite>
